2026-04-16T13:14:50.778Z - SUCCESS: RSS64240221-BLK - rss64240221-blk-black
2026-04-16T13:14:51.144Z - SUCCESS: RSS4924099-BLK - rss4924099-blk-black
2026-04-16T13:14:51.161Z - SUCCESS: RSS64240222-BLK - rss64240222-blk-black
2026-04-16T13:14:51.171Z - SUCCESS: RSS6424021-BLK - rss6424021-blk-black
2026-04-16T13:14:51.177Z - SUCCESS: RSS6424021-BRN - rss6424021-brn-brown
2026-04-16T13:14:51.182Z - SUCCESS: RSS4924023-BLK - rss4924023-blk-black
2026-04-16T13:14:51.187Z - SUCCESS: RSS6424021-NVY - rss6424021-nvy-navy
2026-04-16T13:14:51.657Z - SUCCESS: RSS64240223-BLK - rss64240223-blk-black
2026-04-16T13:14:51.826Z - SUCCESS: RSS4924021-NVY - rss4924021-nvy-navy
2026-04-16T13:14:52.115Z - SUCCESS: RSS6424021-OLI - rss6424021-oli-olive
2026-04-16T13:14:53.878Z - SUCCESS: RSS4924021-BLK - rss4924021-blk-black
2026-04-16T13:14:54.161Z - SUCCESS: RSS1601022-BRG - rss1601022-brg-burgundy
2026-04-16T13:14:54.167Z - SUCCESS: 1619025-ROW17 - 1619025-row17-
2026-04-16T13:14:54.461Z - SUCCESS: RSS1601022-CRM - rss1601022-crm-cream
2026-04-16T13:14:54.469Z - SUCCESS: RSS3124021-RED - rss3124021-red-red
2026-04-16T13:14:54.473Z - SUCCESS: RSS1601022-MAU - rss1601022-mau-mauve
2026-04-16T13:14:54.888Z - SUCCESS: 1619025-ROW18 - 1619025-row18-
2026-04-16T13:14:55.206Z - SUCCESS: RSS1601022-BLK - rss1601022-blk-black
2026-04-16T13:14:55.214Z - SUCCESS: RSS3119021-ROW19 - rss3119021-row19-
2026-04-16T13:14:55.221Z - SUCCESS: RSS3124021-OLI - rss3124021-oli-olive
2026-04-16T13:14:57.267Z - SUCCESS: RSS1601021-CRM - rss1601021-crm-cream
2026-04-16T13:14:57.274Z - SUCCESS: RSS1601021-BLK - rss1601021-blk-black
2026-04-16T13:14:57.278Z - SUCCESS: RSS1601022-NVY - rss1601022-nvy-navy
2026-04-16T13:14:57.522Z - SUCCESS: RSS3101022-PET - rss3101022-pet-petrol-blue
2026-04-16T13:14:57.526Z - SUCCESS: RSS1601021-BRG - rss1601021-brg-burgundy
2026-04-16T13:14:57.532Z - SUCCESS: RSS3101022-OLI - rss3101022-oli-olive
2026-04-16T13:14:58.271Z - SUCCESS: RSS3101022-NVY - rss3101022-nvy-navy
2026-04-16T13:14:58.532Z - SUCCESS: RSS3101021-YLW - rss3101021-ylw-yellow
2026-04-16T13:14:58.537Z - SUCCESS: RSS3101021-BRG - rss3101021-brg-burgundy
2026-04-16T13:14:58.541Z - SUCCESS: RSS3101022-BRG - rss3101022-brg-burgundy
2026-04-16T13:15:00.347Z - SUCCESS: RSS1607011-BLK - rss1607011-blk-black
2026-04-16T13:15:00.353Z - SUCCESS: RSS1607011-RED - rss1607011-red-red
2026-04-16T13:15:00.620Z - SUCCESS: RSS1607011-BEI - rss1607011-bei-beige
2026-04-16T13:15:00.643Z - SUCCESS: RSS1607011-NVY - rss1607011-nvy-navy
2026-04-16T13:15:00.663Z - SUCCESS: RSS5227015-BLK - rss5227015-blk-black
2026-04-16T13:15:01.094Z - SUCCESS: RSS1607011-GRN - rss1607011-grn-green
2026-04-16T13:15:01.361Z - SUCCESS: 3027011-BLK - 3027011-blk-black
2026-04-16T13:15:01.630Z - SUCCESS: 3027011-BEI - 3027011-bei-beige
2026-04-16T13:15:01.776Z - SUCCESS: 3027011-NVY - 3027011-nvy-navy
2026-04-16T13:15:03.152Z - SUCCESS: 3027011-BRG - 3027011-brg-burgundy
2026-04-16T13:15:03.694Z - SUCCESS: 1627011-BLK - 1627011-blk-black
2026-04-16T13:15:03.700Z - SUCCESS: 3027011-BLU - 3027011-blu-blue
2026-04-16T13:15:03.707Z - SUCCESS: 3027011-OLI - 3027011-oli-olive
2026-04-16T13:15:03.714Z - SUCCESS: 3027011-MAU - 3027011-mau-mauve
2026-04-16T13:15:04.185Z - SUCCESS: 1627011-ROS - 1627011-ros-rose
2026-04-16T13:15:04.427Z - SUCCESS: RSS0727011-PET - rss0727011-pet-petrol-blue
2026-04-16T13:15:04.464Z - SUCCESS: 3027011-LIG - 3027011-lig-light-grey
2026-04-16T13:15:04.721Z - SUCCESS: RSS0727011-GRY - rss0727011-gry-gray
2026-04-16T13:15:04.737Z - SUCCESS: RSS0727011-BLK - rss0727011-blk-black
2026-04-16T13:15:06.776Z - SUCCESS: RSS0727011-OLI - rss0727011-oli-olive
2026-04-16T13:15:06.781Z - SUCCESS: RSS3727012-LIG - rss3727012-lig-light-grey
2026-04-16T13:15:06.792Z - SUCCESS: RSS3727012-PNK - rss3727012-pnk-pink
2026-04-16T13:15:07.286Z - SUCCESS: RSS3727012-PRP - rss3727012-prp-purple
2026-04-16T13:15:07.324Z - SUCCESS: RSS3727012-NVY - rss3727012-nvy-navy
2026-04-16T13:15:07.506Z - SUCCESS: RSS3727012-BEI - rss3727012-bei-beige
2026-04-16T13:15:07.780Z - SUCCESS: RSS5227012-BLK - rss5227012-blk-black
2026-04-16T13:15:07.789Z - SUCCESS: RSS3727011-GRN - rss3727011-grn-green
2026-04-16T13:15:08.268Z - SUCCESS: RSS3727011-NVY - rss3727011-nvy-navy
2026-04-16T13:15:08.796Z - SUCCESS: RSS3727011-BLK - rss3727011-blk-black
2026-04-16T13:15:09.576Z - SUCCESS: RSS5227012-OLI - rss5227012-oli-olive
2026-04-16T13:15:09.587Z - SUCCESS: RSS5227012-GRN - rss5227012-grn-green
2026-04-16T13:15:09.837Z - SUCCESS: RSS5227012-BEI - rss5227012-bei-beige
2026-04-16T13:15:10.328Z - SUCCESS: RSS5026013-BLK - rss5026013-blk-black
2026-04-16T13:15:10.625Z - SUCCESS: RSS4926012-BEI - rss4926012-bei-beige
2026-04-16T13:15:10.669Z - SUCCESS: RSS 3126011-ROW66 - rss-3126011-row66-
2026-04-16T13:15:10.855Z - SUCCESS: RSS5026013-OLI - rss5026013-oli-olive
2026-04-16T13:15:10.860Z - SUCCESS: RSS5026012-BLK - rss5026012-blk-black
2026-04-16T13:15:11.378Z - SUCCESS: RSS4926012-BLK - rss4926012-blk-black
2026-04-16T13:15:11.957Z - SUCCESS: RSS4926012-BRN - rss4926012-brn-brown
2026-04-16T13:15:12.690Z - SUCCESS: RSS4926012-PRP - rss4926012-prp-purple
2026-04-16T13:15:12.994Z - SUCCESS: RSS4926012-BRG - rss4926012-brg-burgundy
2026-04-16T13:15:12.999Z - SUCCESS: RSS2225011-GRY - rss2225011-gry-gray
2026-04-16T13:15:13.685Z - SUCCESS: RSS2225011-NVY - rss2225011-nvy-navy
2026-04-16T13:15:13.692Z - SUCCESS: RSS2225011-BEI - rss2225011-bei-beige
2026-04-16T13:15:13.696Z - SUCCESS: RSS2225011-BRN - rss2225011-brn-brown
2026-04-16T13:15:14.022Z - SUCCESS: RSS2225011-OLI - rss2225011-oli-olive
2026-04-16T13:15:14.041Z - SUCCESS: RSS1531122-BLK - rss1531122-blk-black
2026-04-16T13:15:14.457Z - SUCCESS: RSS1531122-GRN - rss1531122-grn-green
2026-04-16T13:15:14.707Z - SUCCESS: RSS1531122-BRG - rss1531122-brg-burgundy
2026-04-16T13:15:15.745Z - SUCCESS: RSS3124018-PNK - rss3124018-pnk-pink
2026-04-16T13:15:16.135Z - SUCCESS: RSS3124017-PNK - rss3124017-pnk-pink
2026-04-16T13:15:16.180Z - SUCCESS: RSS3124017-BEI - rss3124017-bei-beige
2026-04-16T13:15:16.546Z - SUCCESS: RSS3124016-CRM - rss3124016-crm-cream
2026-04-16T13:15:16.791Z - SUCCESS: RSS3124017-NVY - rss3124017-nvy-navy
2026-04-16T13:15:16.795Z - SUCCESS: RSS3124017-BRN - rss3124017-brn-brown
2026-04-16T13:15:17.117Z - SUCCESS: RSS3124013-BLK - rss3124013-blk-black
2026-04-16T13:15:17.129Z - SUCCESS: RSS3124015-BLK - rss3124015-blk-black
2026-04-16T13:15:17.133Z - SUCCESS: RSS3124014-BEI - rss3124014-bei-beige
2026-04-16T13:15:17.554Z - SUCCESS: RSS3124012-BLK - rss3124012-blk-black
2026-04-16T13:15:19.170Z - SUCCESS: RSS3124011-CRM - rss3124011-crm-cream
2026-04-16T13:15:19.627Z - SUCCESS: RSS4113011-WHT - rss4113011-wht-white
2026-04-16T13:15:19.891Z - SUCCESS: RSS4113011-PNK - rss4113011-pnk-pink
2026-04-16T13:15:19.909Z - SUCCESS: RSS3124011-BRN - rss3124011-brn-brown
2026-04-16T13:15:19.926Z - SUCCESS: RSS4113011-OLI - rss4113011-oli-olive
2026-04-16T13:15:20.212Z - SUCCESS: RSS4113011-GRN - rss4113011-grn-green
2026-04-16T13:15:20.237Z - SUCCESS: RSS4113011-BLK - rss4113011-blk-black
2026-04-16T13:15:20.240Z - SUCCESS: RSS4113011-BEI - rss4113011-bei-beige
2026-04-16T13:15:20.637Z - SUCCESS: RSS3713014-MIN - rss3713014-min-mint-green
2026-04-16T13:15:20.655Z - SUCCESS: RSS4113011-BRG - rss4113011-brg-burgundy
2026-04-16T13:15:21.901Z - SUCCESS: RSS3713014-PRP - rss3713014-prp-purple
2026-04-16T13:15:22.947Z - SUCCESS: RSS3713014-LIG - rss3713014-lig-light-grey
2026-04-16T13:15:22.954Z - SUCCESS: RSS3713014-WHT - rss3713014-wht-white
2026-04-16T13:15:22.960Z - SUCCESS: RSS3713014-BEI - rss3713014-bei-beige
2026-04-16T13:15:23.296Z - SUCCESS: RSS0713011-WHT - rss0713011-wht-white
2026-04-16T13:15:23.319Z - SUCCESS: RSS0713011-GRN - rss0713011-grn-green
2026-04-16T13:15:23.322Z - SUCCESS: RSS3713014-PNK - rss3713014-pnk-pink
2026-04-16T13:15:23.964Z - SUCCESS: RSS0713011-BLK - rss0713011-blk-black
2026-04-16T13:15:23.981Z - SUCCESS: RSS0713011-GRY - rss0713011-gry-gray
2026-04-16T13:15:25.355Z - SUCCESS: RSS0713011-PRP - rss0713011-prp-purple
2026-04-16T13:15:25.367Z - SUCCESS: RSS3713014-SKY - rss3713014-sky-sky-blue
2026-04-16T13:15:26.392Z - SUCCESS: RSS3813013-PRP - rss3813013-prp-purple
2026-04-16T13:15:26.399Z - SUCCESS: RSS3813013-BLK - rss3813013-blk-black
2026-04-16T13:15:26.404Z - SUCCESS: RSS3813013-NVY - rss3813013-nvy-navy
2026-04-16T13:15:26.412Z - SUCCESS: RSS0713011-BLK22 - rss0713011-blk22-black
2026-04-16T13:15:26.416Z - SUCCESS: RSS3813013-NVY12 - rss3813013-nvy12-navy
2026-04-16T13:15:26.435Z - SUCCESS: RSS3813013-WHT - rss3813013-wht-white
2026-04-16T13:15:27.058Z - SUCCESS: RSS1513011-BRN - rss1513011-brn-brown
2026-04-16T13:15:27.103Z - SUCCESS: RSS1513011-OLI - rss1513011-oli-olive
2026-04-16T13:15:28.434Z - SUCCESS: RSS1312011-LIG - rss1312011-lig-light-grey
2026-04-16T13:15:28.893Z - SUCCESS: RSS3313011-BLK - rss3313011-blk-black
2026-04-16T13:15:29.457Z - SUCCESS: RSS2407011-GLD - rss2407011-gld-gold
2026-04-16T13:15:29.462Z - SUCCESS: RSS2507011-MIN - rss2507011-min-mint-green
2026-04-16T13:15:29.983Z - SUCCESS: RSS2507011-BRN - rss2507011-brn-brown
2026-04-16T13:15:29.989Z - SUCCESS: RSS2407011-DBR - rss2407011-dbr-dark-brown
2026-04-16T13:15:30.192Z - SUCCESS: RSS2407011-OLI - rss2407011-oli-olive
2026-04-16T13:15:30.199Z - SUCCESS: RSS2507011-BRG - rss2507011-brg-burgundy
2026-04-16T13:15:30.228Z - SUCCESS: RSS2507011-DBR - rss2507011-dbr-dark-brown
2026-04-16T13:15:30.330Z - SUCCESS: RSS2407011-PRP - rss2407011-prp-purple
2026-04-16T13:15:31.507Z - SUCCESS: RSS2407011-NVY - rss2407011-nvy-navy
2026-04-16T13:15:33.092Z - SUCCESS: RSS2407011-BLK - rss2407011-blk-black
2026-04-16T13:15:33.099Z - SUCCESS: RSS1207011-DBR - rss1207011-dbr-dark-brown
2026-04-16T13:15:33.104Z - SUCCESS: RSS1207011-BLU - rss1207011-blu-blue
2026-04-16T13:15:33.594Z - SUCCESS: RSS1207011-NVY - rss1207011-nvy-navy
2026-04-16T13:15:33.603Z - SUCCESS: RSS1207011-BLK - rss1207011-blk-black
2026-04-16T13:15:33.953Z - SUCCESS: RSS1207011-GRN - rss1207011-grn-green
2026-04-16T13:15:34.143Z - SUCCESS: RSS1207011-OLI - rss1207011-oli-olive-green
2026-04-16T13:15:34.366Z - SUCCESS: RSS1207011-ROS - rss1207011-ros-rose
2026-04-16T13:15:34.477Z - SUCCESS: RSS1207011-BEI - rss1207011-bei-beige
2026-04-16T13:15:35.134Z - SUCCESS: RSS1207011-CHA - rss1207011-cha-charcoal
2026-04-16T13:15:35.636Z - SUCCESS: RSS2307012-CRM - rss2307012-crm-cream
2026-04-16T13:15:36.683Z - SUCCESS: RSS2307011-OLI - rss2307011-oli-olive
2026-04-16T13:15:37.231Z - SUCCESS: RSS2307012-NVY - rss2307012-nvy-navy
2026-04-16T13:15:37.237Z - SUCCESS: RSS2307011-NVY - rss2307011-nvy-navy
2026-04-16T13:15:37.254Z - SUCCESS: RSS2307012-BLK - rss2307012-blk-black
2026-04-16T13:15:37.272Z - SUCCESS: RSS2307011-BLK - rss2307011-blk-black
2026-04-16T13:15:37.419Z - SUCCESS: RSS2307011-CRM - rss2307011-crm-cream
2026-04-16T13:15:37.718Z - SUCCESS: RSS2307011-DBR - rss2307011-dbr-dark-brown
2026-04-16T13:15:37.995Z - SUCCESS: RSS2307011-BEI - rss2307011-bei-beige
2026-04-16T13:15:38.541Z - SUCCESS: RSS2307011-MIN - rss2307011-min-mint-green
2026-04-16T13:15:38.756Z - SUCCESS: RSS2307011-BLU - rss2307011-blu-blue
2026-04-16T13:15:39.812Z - SUCCESS: RSS2307011-GRY - rss2307011-gry-gray
2026-04-16T13:15:40.439Z - SUCCESS: RSS2207012-BLK - rss2207012-blk-black
2026-04-16T13:15:40.557Z - SUCCESS: RSS2207012-OLI - rss2207012-oli-olive
2026-04-16T13:15:40.624Z - SUCCESS: RSS2207012-BEI - rss2207012-bei-beige
2026-04-16T13:15:41.077Z - SUCCESS: RSS2207012-BRG - rss2207012-brg-burgundy
2026-04-16T13:15:41.476Z - SUCCESS: RSS2207012-NVY - rss2207012-nvy-navy
2026-04-16T13:15:41.600Z - SUCCESS: RSS2207012-LIG - rss2207012-lig-light-grey
2026-04-16T13:15:41.901Z - SUCCESS: RSS2107011-BLK - rss2107011-blk-black
2026-04-16T13:15:41.913Z - SUCCESS: RSS2207012-DBR - rss2207012-dbr-dark-brown
2026-04-16T13:15:42.658Z - SUCCESS: RSS2107011-BRN - rss2107011-brn-brown
2026-04-16T13:15:42.904Z - SUCCESS: RSS1504011-DBR - rss1504011-dbr-dark-brown
2026-04-16T13:15:43.970Z - SUCCESS: RSS1504011-BLK - rss1504011-blk-black
2026-04-16T13:15:43.984Z - SUCCESS: RSS1504011-NVY - rss1504011-nvy-navy
2026-04-16T13:15:44.970Z - SUCCESS: RSS1631121-BLK - rss1631121-blk-black
2026-04-16T13:15:44.980Z - SUCCESS: RSS1631121-BRG - rss1631121-brg-burgundy
2026-04-16T13:15:44.987Z - SUCCESS: RSS1631121-GRN - rss1631121-grn-green
2026-04-16T13:15:45.008Z - SUCCESS: RSS1631121-NVY - rss1631121-nvy-navy
2026-04-16T13:15:45.645Z - SUCCESS: RSS1631121-OLI - rss1631121-oli-olive
2026-04-16T13:15:45.811Z - SUCCESS: RSS1631121-TAU - rss1631121-tau-taupe
2026-04-16T13:15:45.990Z - SUCCESS: RSS1631121-DBR - rss1631121-dbr-dark-brown
2026-04-16T13:15:45.996Z - SUCCESS: RSS1631121-GRY - rss1631121-gry-gray
2026-04-16T13:15:47.170Z - SUCCESS: 1531124-WHT - 1531124-wht-white
2026-04-16T13:15:47.220Z - SUCCESS: 1531124-GRY - 1531124-gry-gray
2026-04-16T13:15:47.952Z - SUCCESS: 1531124-NVY - 1531124-nvy-navy
2026-04-16T13:15:48.132Z - SUCCESS: 1531124-BLK - 1531124-blk-black
2026-04-16T13:15:48.141Z - SUCCESS: 1531124-OLI - 1531124-oli-olive
2026-04-16T13:15:48.779Z - SUCCESS: 1531123-DBR - 1531123-dbr-dark-brown
2026-04-16T13:15:48.889Z - SUCCESS: 1531124-BEI - 1531124-bei-beige
2026-04-16T13:15:48.904Z - SUCCESS: 1531123-OLI - 1531123-oli-olive
2026-04-16T13:15:49.173Z - SUCCESS: 1531123-BEI - 1531123-bei-beige
2026-04-16T13:15:49.179Z - SUCCESS: 1531123-BLK - 1531123-blk-black
2026-04-16T13:15:50.191Z - SUCCESS: 1531121-OLI - 1531121-oli-olive
2026-04-16T13:15:51.291Z - SUCCESS: 1531121-NVY - 1531121-nvy-navy
2026-04-16T13:15:51.357Z - SUCCESS: RSS1504011-olg - rss1504011-olg-olive-green
2026-04-16T13:15:51.375Z - SUCCESS: 1531121-LIG - 1531121-lig-light-brown
2026-04-16T13:15:51.407Z - SUCCESS: 1531121-BEI - 1531121-bei-beige
2026-04-16T13:15:52.337Z - SUCCESS: 1531121-PRP - 1531121-prp-purple
2026-04-16T13:15:52.355Z - SUCCESS: 1531121-BLK - 1531121-blk-black
2026-04-16T13:15:52.369Z - SUCCESS: RSS1328121-NVY - rss1328121-nvy-navy
2026-04-16T13:15:52.373Z - SUCCESS: 1531121-DBR - 1531121-dbr-dark-brown
2026-04-16T13:15:52.388Z - SUCCESS: RSS1328121-BLK - rss1328121-blk-black
2026-04-16T13:15:53.396Z - SUCCESS: RSS1328121-BRG - rss1328121-brg-burgundy
2026-04-16T13:15:54.441Z - SUCCESS: RSS1328121-MIN - rss1328121-min-mint-green
2026-04-16T13:15:54.452Z - SUCCESS: RSS1328121-LIG - rss1328121-lig-light-grey
2026-04-16T13:15:55.142Z - SUCCESS: RSS0818121-BLK - rss0818121-blk-black
2026-04-16T13:15:55.484Z - SUCCESS: RSS0718121-OLI - rss0718121-oli-olive
2026-04-16T13:15:55.493Z - SUCCESS: RSS0818121-WHT - rss0818121-wht-white
2026-04-16T13:15:55.527Z - SUCCESS: RSS0718121-BRG - rss0718121-brg-burgundy
2026-04-16T13:15:55.568Z - SUCCESS: RSS0718121-BLK - rss0718121-blk-black
2026-04-16T13:15:55.691Z - SUCCESS: RSS0818121-NVY - rss0818121-nvy-navy
2026-04-16T13:15:56.158Z - SUCCESS: RSS0718121-GRN - rss0718121-grn-green
2026-04-16T13:15:56.341Z - SUCCESS: RSS0718121-BEI - rss0718121-bei-beige
2026-04-16T13:15:57.209Z - SUCCESS: RSS0215123-MIN - rss0215123-min-mint-green
2026-04-16T13:15:57.369Z - SUCCESS: RSS0718121-NVY - rss0718121-nvy-navy
2026-04-16T13:15:58.268Z - SUCCESS: RSS0215123-BLK - rss0215123-blk-black
2026-04-16T13:15:58.654Z - SUCCESS: RSS0215123-DBR - rss0215123-dbr-dark-brown
2026-04-16T13:15:58.666Z - SUCCESS: RSS0215123-BRG - rss0215123-brg-burgundy
2026-04-16T13:15:58.707Z - SUCCESS: RSS0616121-ROW213 - rss0616121-row213-
2026-04-16T13:15:58.726Z - SUCCESS: RSS0215123-OLI - rss0215123-oli-olive
2026-04-16T13:15:59.278Z - SUCCESS: RSS0616121-ROW212 - rss0616121-row212-
2026-04-16T13:15:59.419Z - SUCCESS: RSS0616121-ROW215 - rss0616121-row215-
2026-04-16T13:15:59.692Z - SUCCESS: RSS0616121-ROW214 - rss0616121-row214-
2026-04-16T13:16:00.478Z - SUCCESS: RSS0616121-ROW216 - rss0616121-row216-
2026-04-16T13:16:00.699Z - SUCCESS: RSS0616121-ROW217 - rss0616121-row217-
2026-04-16T13:16:01.401Z - SUCCESS: RSS0616121-ROW218 - rss0616121-row218-
2026-04-16T13:16:01.735Z - SUCCESS: RSS0616121-ROW220 - rss0616121-row220-
2026-04-16T13:16:01.744Z - SUCCESS: RSS0616121-ROW219 - rss0616121-row219-
2026-04-16T13:16:01.755Z - SUCCESS: RSS0616121-ROW222 - rss0616121-row222-
2026-04-16T13:16:02.528Z - SUCCESS: RSS0616121-ROW223 - rss0616121-row223-
2026-04-16T13:16:02.541Z - SUCCESS: RSS0616121-ROW221 - rss0616121-row221-
2026-04-16T13:16:02.763Z - SUCCESS: RSS0616121-ROW224 - rss0616121-row224-
2026-04-16T13:16:02.769Z - SUCCESS: RSS0616121-ROW225 - rss0616121-row225-
2026-04-16T13:16:03.840Z - SUCCESS: RSS0616121-ROW226 - rss0616121-row226-
2026-04-16T13:16:03.846Z - SUCCESS: RSS0616121-ROW227 - rss0616121-row227-
2026-04-16T13:16:04.882Z - SUCCESS: RSS0616121-ROW229 - rss0616121-row229-
2026-04-16T13:16:04.888Z - SUCCESS: RSS0616121-ROW231 - rss0616121-row231-
2026-04-16T13:16:04.898Z - SUCCESS: RSS0616121-ROW230 - rss0616121-row230-
2026-04-16T13:16:04.902Z - SUCCESS: RSS0616121-ROW228 - rss0616121-row228-
2026-04-16T13:16:05.908Z - SUCCESS: RSS0616121-ROW234 - rss0616121-row234-
2026-04-16T13:16:05.913Z - SUCCESS: RSS0616121-ROW235 - rss0616121-row235-
2026-04-16T13:16:05.999Z - SUCCESS: RSS0616121-ROW232 - rss0616121-row232-
2026-04-16T13:16:06.925Z - SUCCESS: RSS0616121-ROW236 - rss0616121-row236-
2026-04-16T13:16:07.685Z - SUCCESS: RSS0616121-ROW237 - rss0616121-row237-
2026-04-16T13:16:07.967Z - SUCCESS: RSS0616121-ROW239 - rss0616121-row239-
2026-04-16T13:16:07.972Z - SUCCESS: RSS0616121-ROW241 - rss0616121-row241-
2026-04-16T13:16:08.585Z - SUCCESS: RSS0616121-ROW240 - rss0616121-row240-
2026-04-16T13:16:09.036Z - SUCCESS: RSS0616121-ROW242 - rss0616121-row242-
2026-04-16T13:16:09.065Z - SUCCESS: RSS0616121-ROW244 - rss0616121-row244-
2026-04-16T13:16:09.086Z - SUCCESS: RSS0616121-ROW243 - rss0616121-row243-
2026-04-16T13:16:09.104Z - SUCCESS: RSS0616121-ROW233 - rss0616121-row233-
2026-04-16T13:16:10.044Z - SUCCESS: RSS0616121-ROW245 - rss0616121-row245-
2026-04-16T13:16:11.127Z - SUCCESS: RSS0616121-ROW248 - rss0616121-row248-
2026-04-16T13:16:11.163Z - SUCCESS: RSS0616121-ROW247 - rss0616121-row247-
2026-04-16T13:16:12.090Z - SUCCESS: RSS0616121-ROW246 - rss0616121-row246-
2026-04-16T13:16:12.097Z - SUCCESS: RSS0616121-ROW249 - rss0616121-row249-
2026-04-16T13:16:12.203Z - SUCCESS: RSS0616121-ROW250 - rss0616121-row250-
2026-04-16T13:16:12.873Z - SUCCESS: RSS0616121-ROW252 - rss0616121-row252-
2026-04-16T13:16:13.188Z - SUCCESS: RSS0616121-ROW253 - rss0616121-row253-
2026-04-16T13:16:13.193Z - SUCCESS: RSS0616121-ROW254 - rss0616121-row254-
2026-04-16T13:16:14.236Z - SUCCESS: RSS0616121-ROW256 - rss0616121-row256-
2026-04-16T13:16:14.244Z - SUCCESS: RSS0616121-ROW255 - rss0616121-row255-
2026-04-16T13:16:15.310Z - SUCCESS: RSS0616121-ROW259 - rss0616121-row259-
2026-04-16T13:16:15.322Z - SUCCESS: RSS0616121-ROW258 - rss0616121-row258-
2026-04-16T13:16:16.320Z - SUCCESS: RSS0616121-ROW260 - rss0616121-row260-
2026-04-16T13:16:16.688Z - SUCCESS: RSS0616121-ROW257 - rss0616121-row257-
2026-04-16T13:16:17.348Z - SUCCESS: RSS0616121-ROW262 - rss0616121-row262-
2026-04-16T13:16:17.885Z - SUCCESS: RSS0616121-ROW263 - rss0616121-row263-
2026-04-16T13:16:17.898Z - SUCCESS: RSS0616121-ROW261 - rss0616121-row261-
2026-04-16T13:16:18.081Z - SUCCESS: RSS0616121-ROW264 - rss0616121-row264-
2026-04-16T13:16:18.380Z - SUCCESS: RSS0616121-ROW266 - rss0616121-row266-
2026-04-16T13:16:19.120Z - SUCCESS: RSS0616121-ROW265 - rss0616121-row265-
2026-04-16T13:16:19.953Z - SUCCESS: RSS0616121-ROW268 - rss0616121-row268-
2026-04-16T13:16:20.436Z - SUCCESS: RSS0616121-ROW267 - rss0616121-row267-
2026-04-16T13:16:20.487Z - SUCCESS: RSS0616121-ROW269 - rss0616121-row269-
2026-04-16T13:16:20.997Z - SUCCESS: RSS0616121-ROW271 - rss0616121-row271-
2026-04-16T13:16:21.191Z - SUCCESS: RSS0616121-ROW270 - rss0616121-row270-
2026-04-16T13:16:21.477Z - SUCCESS: RSS0616121-ROW273 - rss0616121-row273-
2026-04-16T13:16:22.492Z - SUCCESS: RSS0616121-ROW274 - rss0616121-row274-
2026-04-16T13:16:23.559Z - SUCCESS: RSS0616121-ROW276 - rss0616121-row276-
2026-04-16T13:16:24.073Z - SUCCESS: RSS0616121-ROW278 - rss0616121-row278-
2026-04-16T13:16:24.551Z - SUCCESS: RSS0616121-ROW279 - rss0616121-row279-
2026-04-16T13:16:25.306Z - SUCCESS: RSS0616121-ROW280 - rss0616121-row280-
2026-04-16T13:16:26.336Z - SUCCESS: RSS0616121-ROW272 - rss0616121-row272-
2026-04-16T13:16:26.609Z - SUCCESS: RSS0616121-ROW282 - rss0616121-row282-
2026-04-16T13:16:26.619Z - SUCCESS: RSS0616121-ROW277 - rss0616121-row277-
2026-04-16T13:16:27.629Z - SUCCESS: RSS0616121-ROW284 - rss0616121-row284-
2026-04-16T13:16:27.640Z - SUCCESS: RSS0616121-ROW281 - rss0616121-row281-
2026-04-16T13:16:27.657Z - SUCCESS: RSS0616121-ROW283 - rss0616121-row283-
2026-04-16T13:16:28.655Z - SUCCESS: RSS0616121-ROW285 - rss0616121-row285-
2026-04-16T13:16:29.404Z - SUCCESS: RSS0616121-ROW288 - rss0616121-row288-
2026-04-16T13:16:29.432Z - SUCCESS: RSS0616121-ROW286 - rss0616121-row286-
2026-04-16T13:16:29.689Z - SUCCESS: RSS0616121-ROW287 - rss0616121-row287-
2026-04-16T13:16:30.728Z - SUCCESS: 162803261-MAU - 162803261-mau-mauve
2026-04-16T13:16:31.312Z - SUCCESS: 162803261-BEI - 162803261-bei-beige
2026-04-16T13:16:31.772Z - SUCCESS: 162803261-BLK - 162803261-blk-black
2026-04-16T13:16:32.801Z - SUCCESS: 162803261-OLI - 162803261-oli-olive
2026-04-16T13:16:33.528Z - SUCCESS: 162803261-ROS - 162803261-ros-rose
2026-04-16T13:16:33.594Z - SUCCESS: 162803261-LBK - 162803261-lbk-light-black
2026-04-16T13:16:33.801Z - SUCCESS: 162803262-ROS - 162803262-ros-rose
2026-04-16T13:16:34.843Z - SUCCESS: 162803262-BRG - 162803262-brg-burgundy
2026-04-16T13:16:35.560Z - SUCCESS: 162803262-LBK - 162803262-lbk-light-black
2026-04-16T13:16:36.908Z - SUCCESS: 162803262-NVY - 162803262-nvy-navy
2026-04-16T13:16:36.913Z - SUCCESS: 162803262-OLI - 162803262-oli-olive
2026-04-16T13:16:36.919Z - SUCCESS: 162803262-PRP - 162803262-prp-purple
2026-04-16T13:16:38.955Z - SUCCESS: 162803262-MIN - 162803262-min-mint-green
2026-04-16T13:16:40.977Z - SUCCESS: 162803264-SGE - 162803264-sge-sage-green
2026-04-16T13:16:41.568Z - SUCCESS: 162803263-BEI - 162803263-bei-beige
2026-04-16T13:16:41.719Z - SUCCESS: 162803264-BLK - 162803264-blk-black
2026-04-16T13:16:43.034Z - SUCCESS: 162803264-BRG - 162803264-brg-burgundy
2026-04-16T13:16:45.805Z - SUCCESS: 162803264-BEI - 162803264-bei-beige
2026-04-16T13:16:46.101Z - SUCCESS: 162803266-LBK - 162803266-lbk-light-black
2026-04-16T13:16:47.127Z - SUCCESS: 162803266-BRG - 162803266-brg-burgundy
2026-04-16T13:16:47.148Z - SUCCESS: 162803264-NVY - 162803264-nvy-navy
2026-04-16T13:16:49.864Z - SUCCESS: 162803266-BRN - 162803266-brn-brown
2026-04-16T13:16:50.759Z - SUCCESS: 162803267-BLK - 162803267-blk-black
2026-04-16T13:16:51.210Z - SUCCESS: 162803267-NVY - 162803267-nvy-navy
2026-04-16T13:16:52.915Z - SUCCESS: 162803267-BRN - 162803267-brn-brown
2026-04-16T13:16:54.285Z - SUCCESS: 162803267-PRP - 162803267-prp-purple
2026-04-16T13:16:55.303Z - SUCCESS: 162803267-CRM - 162803267-crm-cream
2026-04-16T13:16:56.914Z - SUCCESS: 162803267-ORN - 162803267-orn-orange
2026-04-16T13:16:57.017Z - SUCCESS: 162803266-ROS - 162803266-ros-rose
2026-04-16T13:16:58.378Z - SUCCESS: 162803268-BLK - 162803268-blk-black
2026-04-16T13:16:59.382Z - SUCCESS: 162803268-BRN - 162803268-brn-brown
2026-04-16T13:17:00.986Z - SUCCESS: 162803268-MAU - 162803268-mau-mauve
2026-04-16T13:17:01.455Z - SUCCESS: 162803268-CRM - 162803268-crm-cream
2026-04-16T13:17:02.535Z - SUCCESS: 162803268-BRG - 162803268-brg-burgundy
2026-04-16T13:17:02.541Z - SUCCESS: RSS0616121-ROW238 - rss0616121-row238-
2026-04-16T13:17:03.529Z - SUCCESS: 162803269-SGE - 162803269-sge-sage-green
2026-04-16T13:17:04.552Z - SUCCESS: 162803269-OLI - 162803269-oli-olive
2026-04-16T13:17:04.560Z - SUCCESS: 162803269-DBR - 162803269-dbr-dark-brown
2026-04-16T13:17:05.263Z - SUCCESS: 162803263-BLK - 162803263-blk-black
2026-04-16T13:17:06.148Z - SUCCESS: RSS0616121-ROW251 - rss0616121-row251-
2026-04-16T13:17:06.607Z - SUCCESS: 162803269-BEI - 162803269-bei-beige
2026-04-16T13:17:06.642Z - SUCCESS: 162803269-MAU - 162803269-mau-mauve
2026-04-16T13:17:07.155Z - SUCCESS: 162803263-YLW - 162803263-ylw-yellow
2026-04-16T13:17:07.616Z - SUCCESS: 1628032610-SGE - 1628032610-sge-sage-green
2026-04-16T13:17:07.638Z - SUCCESS: 162803263-BLU - 162803263-blu-blue
2026-04-16T13:17:08.359Z - SUCCESS: 1628032610-PRP - 1628032610-prp-purple
2026-04-16T13:17:08.687Z - SUCCESS: 1628032610-MAU - 1628032610-mau-mauve
2026-04-16T13:17:09.421Z - SUCCESS: 1628032610-CRM - 1628032610-crm-cream
2026-04-16T13:17:09.668Z - SUCCESS: 1628032611-BLK - 1628032611-blk-black
2026-04-16T13:17:10.404Z - SUCCESS: 1628032611-WHT - 1628032611-wht-white
2026-04-16T13:17:10.699Z - SUCCESS: 1628032611-CRM - 1628032611-crm-cream
2026-04-16T13:17:10.782Z - SUCCESS: 1628032612-NVY - 1628032612-nvy-navy
2026-04-16T13:17:11.747Z - SUCCESS: 1628032612-OLI - 1628032612-oli-olive
2026-04-16T13:17:14.850Z - SUCCESS: 582803261-PRP - 582803261-prp-purple
2026-04-16T13:17:15.403Z - SUCCESS: 582803261-NVY - 582803261-nvy-navy
2026-04-16T13:17:16.447Z - SUCCESS: 582803261-LBK - 582803261-lbk-light-black
2026-04-16T13:17:16.889Z - SUCCESS: RSS0616121-ROW275 - rss0616121-row275-
2026-04-16T13:17:16.894Z - SUCCESS: 1628032613-BLK - 1628032613-blk-black
2026-04-16T13:17:17.655Z - SUCCESS: 1628032613-BEI - 1628032613-bei-beige
2026-04-16T13:17:17.870Z - SUCCESS: 1628032613-PRP - 1628032613-prp-purple
2026-04-16T13:17:18.654Z - SUCCESS: 582803263-DBR - 582803263-dbr-dark-brown
2026-04-16T13:17:18.960Z - SUCCESS: 582803263-WHT - 582803263-wht-white
2026-04-16T13:17:18.984Z - SUCCESS: 1628032613-BRG - 1628032613-brg-burgundy
2026-04-16T13:17:19.018Z - SUCCESS: 1628032613-OLI - 1628032613-oli-olive
2026-04-16T13:17:20.707Z - SUCCESS: 582803263-BRG - 582803263-brg-burgundy
2026-04-16T13:17:20.722Z - SUCCESS: 1628032613-NVY - 1628032613-nvy-navy
2026-04-16T13:17:20.966Z - SUCCESS: 582803263-CRM - 582803263-crm-cream
2026-04-16T13:17:20.973Z - SUCCESS: 582803264-BLU - 582803264-blu-blue
2026-04-16T13:17:21.722Z - SUCCESS: 582803264-SKY - 582803264-sky-sky-blue
2026-04-16T13:17:21.763Z - SUCCESS: 582803263-BLK - 582803263-blk-black
2026-04-16T13:17:23.052Z - SUCCESS: 582803264-WHT - 582803264-wht-white
2026-04-16T13:17:23.068Z - SUCCESS: 582803264-OLI - 582803264-oli-olive
2026-04-16T13:17:23.074Z - SUCCESS: 582803264-NVY - 582803264-nvy-navy
2026-04-16T13:17:23.082Z - SUCCESS: 582803265-LGR - 582803265-lgr-light-green
2026-04-16T13:17:25.069Z - SUCCESS: 582803265-YLW - 582803265-ylw-yellow
2026-04-16T13:17:25.104Z - SUCCESS: 582803265-BLK - 582803265-blk-black
2026-04-16T13:17:25.124Z - SUCCESS: 582803265-PNK - 582803265-pnk-pink
2026-04-16T13:17:25.138Z - SUCCESS: 582803265-WHT - 582803265-wht-white
2026-04-16T13:17:26.108Z - SUCCESS: 582803266-NVY - 582803266-nvy-navy
2026-04-16T13:17:26.159Z - SUCCESS: 582803266-BLK - 582803266-blk-black
2026-04-16T13:17:26.851Z - SUCCESS: 582803266-BEI - 582803266-bei-beige
2026-04-16T13:17:27.117Z - SUCCESS: 582803267-YLW - 582803267-ylw-yellow
2026-04-16T13:17:27.127Z - SUCCESS: 582803266-DBR - 582803266-dbr-dark-brown
2026-04-16T13:17:27.146Z - SUCCESS: 582803266-LGR - 582803266-lgr-light-green
2026-04-16T13:17:29.224Z - SUCCESS: 582803267-BLK - 582803267-blk-black
2026-04-16T13:17:29.231Z - SUCCESS: 582803267-WHT - 582803267-wht-white
2026-04-16T13:17:29.239Z - SUCCESS: 582803267-DBR - 582803267-dbr-dark-brown
2026-04-16T13:17:29.921Z - SUCCESS: 582803267-BRG - 582803267-brg-burgundy
2026-04-16T13:17:30.261Z - SUCCESS: 582803268-BLK - 582803268-blk-black
2026-04-16T13:17:30.950Z - SUCCESS: 582803268-OLI - 582803268-oli-olive
2026-04-16T13:17:30.960Z - SUCCESS: 582803268-NVY - 582803268-nvy-navy
2026-04-16T13:17:31.299Z - SUCCESS: 582803268-YLW - 582803268-ylw-yellow
2026-04-16T13:17:31.306Z - SUCCESS: 582803268-PNK - 582803268-pnk-pink
2026-04-16T13:17:31.312Z - SUCCESS: 582803268-DBR - 582803268-dbr-dark-brown
2026-04-16T13:17:32.839Z - SUCCESS: 582803269-PNK - 582803269-pnk-pink
2026-04-16T13:17:33.320Z - SUCCESS: 582803269-YLW - 582803269-ylw-yellow
2026-04-16T13:17:33.866Z - SUCCESS: 582803269-SKY - 582803269-sky-sky-blue
2026-04-16T13:17:34.024Z - SUCCESS: 582803268-CIT - 582803268-cit-citrine
2026-04-16T13:17:34.891Z - SUCCESS: 5828032610-PNK - 5828032610-pnk-pink
2026-04-16T13:17:35.400Z - SUCCESS: 5828032610-YLW - 5828032610-ylw-yellow
2026-04-16T13:17:35.420Z - SUCCESS: 5828032610-BLK - 5828032610-blk-black
2026-04-16T13:17:35.433Z - SUCCESS: 5828032610-WHT - 5828032610-wht-white
2026-04-16T13:17:35.934Z - SUCCESS: 5828032610-SKY - 5828032610-sky-sky-blue
2026-04-16T13:17:36.974Z - SUCCESS: 5828032611-WHT - 5828032611-wht-white
2026-04-16T13:17:37.177Z - SUCCESS: 5828032610-BEI - 5828032610-bei-beige
2026-04-16T13:17:37.456Z - SUCCESS: 5828032611-DBR - 5828032611-dbr-dark-brown
2026-04-16T13:17:38.121Z - SUCCESS: 5828032611-BRG - 5828032611-brg-burgundy
2026-04-16T13:17:38.479Z - SUCCESS: 5828032611-YLW - 5828032611-ylw-yellow
2026-04-16T13:17:39.057Z - SUCCESS: 5828032612-WHT - 5828032612-wht-white
2026-04-16T13:17:39.164Z - SUCCESS: 5828032612-YLW - 5828032612-ylw-yellow
2026-04-16T13:17:39.518Z - SUCCESS: 5828032612-CIT - 5828032612-cit-citrine
2026-04-16T13:17:39.530Z - SUCCESS: 5828032613-WHT - 5828032613-wht-white
2026-04-16T13:17:40.564Z - SUCCESS: 5828032613-DBR - 5828032613-dbr-dark-brown
2026-04-16T13:17:41.219Z - SUCCESS: 5828032612-BRG - 5828032612-brg-burgundy
2026-04-16T13:17:41.229Z - SUCCESS: 5828032613-YLW - 5828032613-ylw-yellow
2026-04-16T13:17:41.596Z - SUCCESS: 5828032614-BLK - 5828032614-blk-black
2026-04-16T13:17:42.135Z - SUCCESS: 5828032614-BRG - 5828032614-brg-burgundy
2026-04-16T13:17:42.606Z - SUCCESS: 5828032614-NVY - 5828032614-nvy-navy
2026-04-16T13:17:43.185Z - SUCCESS: 5828032614-CIT - 5828032614-cit-citrine
2026-04-16T13:17:43.332Z - SUCCESS: 5828032615-PNK - 5828032615-pnk-pink
2026-04-16T13:17:43.358Z - SUCCESS: 5828032614-DBR - 5828032614-dbr-dark-brown
2026-04-16T13:17:43.664Z - SUCCESS: 5828032615-YLW - 5828032615-ylw-yellow
2026-04-16T13:17:43.683Z - SUCCESS: 5828032615-SKY - 5828032615-sky-sky-blue
2026-04-16T13:17:44.689Z - SUCCESS: 5828032616-NVY - 5828032616-nvy-navy
2026-04-16T13:17:45.366Z - SUCCESS: 5828032616-PRP - 5828032616-prp-purple
2026-04-16T13:17:45.780Z - SUCCESS: 5828032616-BLK - 5828032616-blk-black
2026-04-16T13:17:46.405Z - SUCCESS: 5828032617-PNK - 5828032617-pnk-pink
2026-04-16T13:17:46.795Z - SUCCESS: 5828032617-WHT - 5828032617-wht-white
2026-04-16T13:17:46.814Z - SUCCESS: 5828032617-SKY - 5828032617-sky-sky-blue
2026-04-16T13:17:47.350Z - SUCCESS: 5828032619-NVY - 5828032619-nvy-navy
2026-04-16T13:17:47.421Z - SUCCESS: 5828032618-YLW - 5828032618-ylw-yellow
2026-04-16T13:17:47.434Z - SUCCESS: 5828032618-CRM - 5828032618-crm-cream
2026-04-16T13:17:47.826Z - SUCCESS: 5828032618-PNK - 5828032618-pnk-pink
2026-04-16T13:17:48.883Z - SUCCESS: 5828032619-DBR - 5828032619-dbr-dark-brown
2026-04-16T13:17:48.892Z - SUCCESS: 5828032619-PRP - 5828032619-prp-purple
2026-04-16T13:17:49.476Z - SUCCESS: 5828032622-BLK - 5828032622-blk-black
2026-04-16T13:17:49.904Z - SUCCESS: 5828032622-NVY - 5828032622-nvy-navy
2026-04-16T13:17:50.533Z - SUCCESS: 5828032622-DBR - 5828032622-dbr-dark-brown
2026-04-16T13:17:50.946Z - SUCCESS: 5828032623-BLK - 5828032623-blk-black
2026-04-16T13:17:50.954Z - SUCCESS: 5828032622-BRG - 5828032622-brg-burgundy
2026-04-16T13:17:51.557Z - SUCCESS: 5828032623-NVY - 5828032623-nvy-navy
2026-04-16T13:17:51.569Z - SUCCESS: 5828032623-CRM - 5828032623-crm-cream
2026-04-16T13:17:51.970Z - SUCCESS: 5828032622-CIT - 5828032622-cit-citrine
2026-04-16T13:17:51.989Z - SUCCESS: 5828032623-BRG - 5828032623-brg-burgundy
2026-04-16T13:17:51.992Z - SUCCESS: 5828032623-DBR - 5828032623-dbr-dark-brown
2026-04-16T13:17:53.711Z - SUCCESS: 5828032623-BLU - 5828032623-blu-blue
2026-04-16T13:17:54.020Z - SUCCESS: 5828032624-BLK - 5828032624-blk-black
2026-04-16T13:17:56.750Z - SUCCESS: 5828032624-YLW - 5828032624-ylw-yellow
2026-04-16T13:17:56.944Z - SUCCESS: 5828032624-BEI - 5828032624-bei-beige
2026-04-16T13:17:56.950Z - SUCCESS: 5828032625-NVY - 5828032625-nvy-navy
2026-04-16T13:17:57.130Z - SUCCESS: 5828032624-PNK - 5828032624-pnk-pink
2026-04-16T13:17:57.147Z - SUCCESS: 5828032625-LIG - 5828032625-lig-light-grey
2026-04-16T13:17:57.749Z - SUCCESS: 5828032625-PRP - 5828032625-prp-purple
2026-04-16T13:17:57.853Z - SUCCESS: 5828032625-DBR - 5828032625-dbr-dark-brown
2026-04-16T13:17:58.131Z - SUCCESS: 5828032626-BLK - 5828032626-blk-black
2026-04-16T13:17:58.145Z - SUCCESS: 5828032624-SKY - 5828032624-sky-sky-blue
2026-04-16T13:17:58.206Z - SUCCESS: 5828032625-BLK - 5828032625-blk-black
2026-04-16T13:18:02.139Z - SUCCESS: 5828032626-GRN - 5828032626-grn-green
2026-04-16T13:18:02.153Z - SUCCESS: 5828032626-CRM - 5828032626-crm-cream
2026-04-16T13:18:02.687Z - SUCCESS: 5828032626-WHT - 5828032626-wht-white
2026-04-16T13:18:03.030Z - SUCCESS: 5828032627-CRM - 5828032627-crm-cream
2026-04-16T13:18:03.206Z - SUCCESS: 962803264-PNK - 962803264-pnk-pink
2026-04-16T13:18:03.228Z - SUCCESS: 5828032627-BEI - 5828032627-bei-beige
2026-04-16T13:18:03.396Z - SUCCESS: 962803264-SKY - 962803264-sky-sky-blue
2026-04-16T13:18:03.404Z - SUCCESS: 5828032626-PRP - 5828032626-prp-purple
2026-04-16T13:18:03.553Z - SUCCESS: 5828032627-BLK - 5828032627-blk-black
2026-04-16T13:18:03.840Z - SUCCESS: 5828032626-BRG - 5828032626-brg-burgundy
2026-04-16T13:18:07.893Z - SUCCESS: 962803264-CRM - 962803264-crm-cream
2026-04-16T13:18:07.905Z - SUCCESS: 962803264-RED - 962803264-red-red
2026-04-16T13:18:08.795Z - SUCCESS: 962803264-WHT - 962803264-wht-white
2026-04-16T13:18:08.919Z - SUCCESS: 962803264-CIT - 962803264-cit-citrine
2026-04-16T13:18:09.280Z - SUCCESS: 962803264-BRN - 962803264-brn-brown
2026-04-16T13:18:09.302Z - SUCCESS: 962803264-NVY - 962803264-nvy-navy
2026-04-16T13:18:09.309Z - SUCCESS: 962803265-BLK - 962803265-blk-black
2026-04-16T13:18:10.405Z - SUCCESS: 962803265-LBK - 962803265-lbk-light-black
2026-04-16T13:18:10.416Z - SUCCESS: 962803264-OLI - 962803264-oli-olive
2026-04-16T13:18:10.821Z - SUCCESS: 962803265-DBR - 962803265-dbr-dark-brown
2026-04-16T13:18:14.607Z - SUCCESS: 962803265-ROS - 962803265-ros-rose
2026-04-16T13:18:14.712Z - SUCCESS: 962803265-BRN - 962803265-brn-brown
2026-04-16T13:18:15.468Z - SUCCESS: 962803266-WHT - 962803266-wht-white
2026-04-16T13:18:15.481Z - SUCCESS: 962803266-BLK - 962803266-blk-black
2026-04-16T13:18:15.925Z - SUCCESS: 962803265-BEI - 962803265-bei-beige
2026-04-16T13:18:15.968Z - SUCCESS: 962803266-BLU - 962803266-blu-blue
2026-04-16T13:18:15.997Z - SUCCESS: 962803266-BEI - 962803266-bei-beige
2026-04-16T13:18:16.045Z - SUCCESS: 962803267-BLK - 962803267-blk-black
2026-04-16T13:18:16.061Z - SUCCESS: 962803266-CRM - 962803266-crm-cream
2026-04-16T13:18:16.076Z - SUCCESS: 962803266-CIT - 962803266-cit-citrine
2026-04-16T13:18:20.088Z - SUCCESS: 962803267-CRM - 962803267-crm-cream
2026-04-16T13:18:20.524Z - SUCCESS: 962803268-BLK - 962803268-blk-black
2026-04-16T13:18:21.014Z - SUCCESS: 962803267-BRG - 962803267-brg-burgundy
2026-04-16T13:18:21.099Z - SUCCESS: 962803268-ROS - 962803268-ros-rose
2026-04-16T13:18:21.177Z - SUCCESS: 962803268-GRN - 962803268-grn-green
2026-04-16T13:18:21.183Z - SUCCESS: 962803267-NVY - 962803267-nvy-navy
2026-04-16T13:18:21.556Z - SUCCESS: 962803268-WHT - 962803268-wht-white
2026-04-16T13:18:22.044Z - SUCCESS: 962803267-GRY - 962803267-gry-gray
2026-04-16T13:18:22.618Z - SUCCESS: 962803263-BLK - 962803263-blk-black
2026-04-16T13:18:23.197Z - SUCCESS: 962803267-BRN - 962803267-brn-brown
2026-04-16T13:18:24.745Z - SUCCESS: 962803263-WHT - 962803263-wht-white
2026-04-16T13:18:26.006Z - SUCCESS: 962803263-NVY - 962803263-nvy-navy
2026-04-16T13:18:27.027Z - SUCCESS: 962803263-OLI - 962803263-oli-olive
2026-04-16T13:18:27.216Z - SUCCESS: 962803269-CIT - 962803269-cit-citrine
2026-04-16T13:18:27.329Z - SUCCESS: 962803269-MIN - 962803269-min-mint-green
2026-04-16T13:18:30.328Z - SUCCESS: 962803269-NVY - 962803269-nvy-navy
2026-04-16T13:18:33.145Z - SUCCESS: 962803269-SKY - 962803269-sky-sky-blue
2026-04-16T13:18:33.164Z - SUCCESS: 962803263-BRN - 962803263-brn-brown
2026-04-16T13:18:33.551Z - SUCCESS: 962803269-WHT - 962803269-wht-white
2026-04-16T13:18:35.057Z - SUCCESS: 962803263-RED - 962803263-red-red
2026-04-16T13:18:36.794Z - SUCCESS: 962803269-PNK - 962803269-pnk-pink
2026-04-16T13:18:39.028Z - SUCCESS: 962803269-PRP - 962803269-prp-purple
2026-04-16T13:18:40.529Z - SUCCESS: 9628032610-CRM - 9628032610-crm-cream
2026-04-16T13:18:40.687Z - SUCCESS: 9628032611-CRM - 9628032611-crm-cream
2026-04-16T13:18:41.529Z - SUCCESS: 9628032611"-BLK - 9628032611-blk-black
2026-04-16T13:18:42.986Z - SUCCESS: 9628032611"-NVY - 9628032611-nvy-navy
2026-04-16T13:18:43.509Z - SUCCESS: 9628032612-BLK - 9628032612-blk-black
2026-04-16T13:18:44.620Z - SUCCESS: 9628032610-BRG - 9628032610-brg-burgundy
2026-04-16T13:18:45.539Z - SUCCESS: 9628032612-BRN - 9628032612-brn-brown
2026-04-16T13:18:46.270Z - SUCCESS: 9628032613-GRN - 9628032613-grn-green
2026-04-16T13:18:46.605Z - SUCCESS: 9628032614-BRG - 9628032614-brg-burgundy
2026-04-16T13:18:46.728Z - SUCCESS: 9628032613-PNK - 9628032613-pnk-pink
2026-04-16T13:18:47.097Z - SUCCESS: 9628032614-BLK - 9628032614-blk-black
2026-04-16T13:18:47.654Z - SUCCESS: 9628032613-SKY - 9628032613-sky-sky-blue
2026-04-16T13:18:48.662Z - SUCCESS: 9628032614-NVY - 9628032614-nvy-navy
2026-04-16T13:18:48.668Z - SUCCESS: 9628032610-BLU - 9628032610-blu-blue
2026-04-16T13:18:50.196Z - SUCCESS: 9628032614-BEI - 9628032614-bei-beige
2026-04-16T13:18:50.799Z - SUCCESS: 9628032614-OLI - 9628032614-oli-olive-green
2026-04-16T13:18:51.320Z - SUCCESS: 9628032614-GRY - 9628032614-gry-gray
2026-04-16T13:18:52.282Z - SUCCESS: 9628032615-LGR - 9628032615-lgr-light-green
2026-04-16T13:18:52.291Z - SUCCESS: 9628032615-BEI - 9628032615-bei-beige
2026-04-16T13:18:52.301Z - SUCCESS: 9628032615-BLK - 9628032615-blk-black
2026-04-16T13:18:53.258Z - SUCCESS: 9628032614-BLU - 9628032614-blu-blue
2026-04-16T13:18:53.885Z - SUCCESS: 9628032615-BLU - 9628032615-blu-blue
2026-04-16T13:18:54.284Z - SUCCESS: 9628032616-BEI - 9628032616-bei-beige
2026-04-16T13:18:55.317Z - SUCCESS: 9628032616-CRM - 9628032616-crm-cream
2026-04-16T13:18:56.337Z - SUCCESS: 9628032616-BLK - 9628032616-blk-black
2026-04-16T13:18:56.342Z - SUCCESS: 9628032616-LGR - 9628032616-lgr-light-green
2026-04-16T13:18:57.463Z - SUCCESS: 9628032616-LIG - 9628032616-lig-light-grey
2026-04-16T13:18:57.947Z - SUCCESS: 9628032616-BLU - 9628032616-blu-blue
2026-04-16T13:18:58.663Z - SUCCESS: 9628032615-CRM - 9628032615-crm-cream
2026-04-16T13:18:59.539Z - SUCCESS: 452803261-BRN - 452803261-brn-brown
2026-04-16T13:19:09.533Z - SUCCESS: 452803261-CIT - 452803261-cit-citrine
2026-04-16T13:19:10.072Z - SUCCESS: 452803262-BLU - 452803262-blu-blue
2026-04-16T13:19:11.153Z - SUCCESS: 452803261-NVY - 452803261-nvy-navy
2026-04-16T13:19:11.179Z - SUCCESS: 452803262-OLI - 452803262-oli-olive-green
2026-04-16T13:19:11.190Z - SUCCESS: 452803261-PET - 452803261-pet-petrol-blue
2026-04-16T13:19:11.202Z - SUCCESS: 452803261-BLK - 452803261-blk-black
2026-04-16T13:19:12.210Z - SUCCESS: 452803262-BLK - 452803262-blk-black
2026-04-16T13:19:12.221Z - SUCCESS: 452803262-NVY - 452803262-nvy-navy
2026-04-16T13:19:13.292Z - SUCCESS: 452803261-BRG - 452803261-brg-burgundy
2026-04-16T13:19:14.264Z - SUCCESS: 452803261-DBR - 452803261-dbr-dark-brown
2026-04-16T13:19:16.710Z - SUCCESS: 322803262-BLU - 322803262-blu-blue
2026-04-16T13:19:16.722Z - SUCCESS: 322803262-BLK - 322803262-blk-black
2026-04-16T13:19:17.732Z - SUCCESS: 452803262-CRM - 452803262-crm-cream
2026-04-16T13:19:17.768Z - SUCCESS: 452803262-GRY - 452803262-gry-gray
2026-04-16T13:19:17.775Z - SUCCESS: 322803262-PRP - 322803262-prp-purple
2026-04-16T13:19:18.238Z - SUCCESS: 322803261-BLU - 322803261-blu-blue
2026-04-16T13:19:18.352Z - SUCCESS: 322803262-OLI - 322803262-oli-olive
2026-04-16T13:19:18.766Z - SUCCESS: 452803262-PET - 452803262-pet-petrol-blue
2026-04-16T13:19:18.776Z - SUCCESS: 322803261-BLK - 322803261-blk-black
2026-04-16T13:19:21.393Z - SUCCESS: 322803261-RED - 322803261-red-red
2026-04-16T13:19:22.827Z - SUCCESS: 322803264-GRN - 322803264-grn-green
2026-04-16T13:19:23.880Z - SUCCESS: 322803265-BLK - 322803265-blk-black
2026-04-16T13:19:24.887Z - SUCCESS: 322803265-CRM - 322803265-crm-cream
2026-04-16T13:19:25.496Z - SUCCESS: 322803264"-BEI - 322803264-bei-beige
2026-04-16T13:19:25.934Z - SUCCESS: 322803264"-NVY - 322803264-nvy-navy
2026-04-16T13:19:25.940Z - SUCCESS: 322803265-CIT - 322803265-cit-citrine
2026-04-16T13:19:25.948Z - SUCCESS: 322803265-ROS - 322803265-ros-rose
2026-04-16T13:19:26.509Z - SUCCESS: 322803266-BLU - 322803266-blu-blue
2026-04-16T13:19:27.552Z - SUCCESS: 322803263-BRN - 322803263-brn-brown
2026-04-16T13:19:27.568Z - SUCCESS: 322803267-BLU - 322803267-blu-blue
2026-04-16T13:19:28.560Z - SUCCESS: 322803265-NVY - 322803265-nvy-navy
2026-04-16T13:19:29.027Z - SUCCESS: 322803267-NVY - 322803267-nvy-navy
2026-04-16T13:19:29.679Z - SUCCESS: 322803263-BLK - 322803263-blk-black
2026-04-16T13:19:29.697Z - SUCCESS: 322803268-BLK - 322803268-blk-black
2026-04-16T13:19:29.706Z - SUCCESS: 322803267-SKY - 322803267-sky-sky-blue
2026-04-16T13:19:30.048Z - SUCCESS: 322803268-PNK - 322803268-pnk-pink
2026-04-16T13:19:30.683Z - SUCCESS: 322803268-BEI - 322803268-bei-beige
2026-04-16T13:19:30.734Z - SUCCESS: 322803268-BRG - 322803268-brg-burgundy
2026-04-16T13:19:31.680Z - SUCCESS: 702803261-BLU - 702803261-blu-blue
2026-04-16T13:19:32.102Z - SUCCESS: 702803261-YLW - 702803261-ylw-yellow
2026-04-16T13:19:32.744Z - SUCCESS: 042903261-YLW - 042903261-ylw-yellow
2026-04-16T13:19:33.749Z - SUCCESS: 042903261-PNK - 042903261-pnk-pink
2026-04-16T13:19:33.755Z - SUCCESS: 702803261-PNK - 702803261-pnk-pink
2026-04-16T13:19:34.180Z - SUCCESS: 042903261-BLK - 042903261-blk-black
2026-04-16T13:19:34.186Z - SUCCESS: 042903261-NVY - 042903261-nvy-navy
2026-04-16T13:19:34.192Z - SUCCESS: 042903261-PRP - 042903261-prp-purple
2026-04-16T13:19:34.713Z - SUCCESS: 702803261-ROS - 702803261-ros-rose
2026-04-16T13:19:34.755Z - SUCCESS: 042903261-TUR - 042903261-tur-turquoise
2026-04-16T13:19:35.217Z - SUCCESS: 042903261-SKY - 042903261-sky-sky-blue
2026-04-16T13:19:35.224Z - SUCCESS: 702803261-ORN - 702803261-orn-orange
2026-04-16T13:19:35.772Z - SUCCESS: 042903261-BUR - 042903261-bur-burnt-orange
2026-04-16T13:19:37.237Z - SUCCESS: 042903261-BEI - 042903261-bei-beige
2026-04-16T13:19:37.251Z - SUCCESS: 042903261-BRG - 042903261-brg-burgundy
2026-04-16T13:19:37.760Z - SUCCESS: 042903261-LGR - 042903261-lgr-light-green
2026-04-16T13:19:37.865Z - SUCCESS: 042903262-BRG - 042903262-brg-burgundy
2026-04-16T13:19:37.880Z - SUCCESS: 042903262-GRY - 042903262-gry-gray
2026-04-16T13:19:37.892Z - SUCCESS: 042903262-DBR - 042903262-dbr-dark-brown
2026-04-16T13:19:37.900Z - SUCCESS: 042903261-FCH - 042903261-fch-fuchsia
2026-04-16T13:19:38.898Z - SUCCESS: 042903262-OLI - 042903262-oli-olive
2026-04-16T13:19:39.304Z - SUCCESS: 042903262-CRM - 042903262-crm-cream
2026-04-16T13:19:39.330Z - SUCCESS: 042903262-BLK - 042903262-blk-black
2026-04-16T13:19:40.340Z - SUCCESS: 042903262-NVY - 042903262-nvy-navy
2026-04-16T13:19:40.929Z - SUCCESS: 162903262-NVY - 162903262-nvy-navy
2026-04-16T13:19:40.941Z - SUCCESS: 162903262-BLK - 162903262-blk-black
2026-04-16T13:19:41.413Z - SUCCESS: 162903262-BEI - 162903262-bei-beige
2026-04-16T13:19:41.524Z - SUCCESS: 162903262-WHT - 162903262-wht-white
2026-04-16T13:19:41.554Z - SUCCESS: 162903261-BRN - 162903261-brn-brown
2026-04-16T13:19:41.951Z - SUCCESS: 162903262-GRY - 162903262-gry-gray
2026-04-16T13:19:42.919Z - SUCCESS: 162903261-CRM - 162903261-crm-cream
2026-04-16T13:19:42.928Z - SUCCESS: 162903261-NVY - 162903261-nvy-navy
2026-04-16T13:19:43.442Z - SUCCESS: 162903261-TUR - 162903261-tur-turquoise
2026-04-16T13:19:44.508Z - SUCCESS: 162903263-BLK - 162903263-blk-black
2026-04-16T13:19:44.563Z - SUCCESS: 162903263-CRM - 162903263-crm-cream
2026-04-16T13:19:44.982Z - SUCCESS: 162903264-NVY - 162903264-nvy-navy
2026-04-16T13:19:45.070Z - SUCCESS: 162903263-NVY - 162903263-nvy-navy
2026-04-16T13:19:45.078Z - SUCCESS: 162903264-WHT - 162903264-wht-white
2026-04-16T13:19:45.110Z - SUCCESS: 162903265-PNK - 162903265-pnk-pink
2026-04-16T13:19:46.564Z - SUCCESS: 162903265-BLK - 162903265-blk-black
2026-04-16T13:19:46.573Z - SUCCESS: 162903265-PRP - 162903265-prp-purple
2026-04-16T13:19:46.584Z - SUCCESS: 162903265-BEI - 162903265-bei-beige
2026-04-16T13:19:47.578Z - SUCCESS: 322903261-NVY - 322903261-nvy-navy
2026-04-16T13:19:48.084Z - SUCCESS: 162903265-BUR - 162903265-bur-burnt-orange
2026-04-16T13:19:48.193Z - SUCCESS: 322903261-BLK - 322903261-blk-black
2026-04-16T13:19:48.646Z - SUCCESS: RSS162803261-GRY - rss162803261-gry-gray
2026-04-16T13:19:48.774Z - SUCCESS: 322903261-BLU - 322903261-blu-blue
2026-04-16T13:19:49.066Z - SUCCESS: RSS162803261-NVY - rss162803261-nvy-navy
2026-04-16T13:19:49.212Z - SUCCESS: RSS162803261-BLK - rss162803261-blk-black
2026-04-16T13:19:49.643Z - SUCCESS: RSS162803262-NVY - rss162803262-nvy-navy
2026-04-16T13:19:50.271Z - SUCCESS: RSS162803262-BLK - rss162803262-blk-black
2026-04-16T13:19:51.278Z - SUCCESS: RSS162803261-OLI - rss162803261-oli-olive-green
2026-04-16T13:19:52.737Z - SUCCESS: RSS662903261-BLK - rss662903261-blk-black
2026-04-16T13:19:52.745Z - SUCCESS: RSS662903261-GRY - rss662903261-gry-gray
2026-04-16T13:19:52.751Z - SUCCESS: RSS662903261-NVY - rss662903261-nvy-navy
2026-04-16T13:19:53.360Z - SUCCESS: RSS162803263-DBR - rss162803263-dbr-dark-brown
2026-04-16T13:19:53.775Z - SUCCESS: RSS162803263-BLU - rss162803263-blu-blue
2026-04-16T13:19:53.792Z - SUCCESS: RSS112903261-ROW621 - rss112903261-row621-
2026-04-16T13:19:54.761Z - SUCCESS: RSS162803263-NVY - rss162803263-nvy-navy
2026-04-16T13:19:57.456Z - SUCCESS: RSS672803262-OLI - rss672803262-oli-olive-green
2026-04-16T13:19:57.841Z - SUCCESS: RSS672803261-BRN - rss672803261-brn-brown
2026-04-16T13:19:57.858Z - SUCCESS: RSS072803261-ROW630 - rss072803261-row630-
2026-04-16T13:19:58.369Z - SUCCESS: RSS672803262-NVY - rss672803262-nvy-navy
2026-04-16T13:19:58.533Z - SUCCESS: RSS072803261-ROW633 - rss072803261-row633-
2026-04-16T13:19:58.542Z - SUCCESS: RSS072803261-ROW632 - rss072803261-row632-
2026-04-16T13:19:58.553Z - SUCCESS: RSS072803261-ROW631 - rss072803261-row631-
2026-04-16T13:19:58.892Z - SUCCESS: RSS672803262-BRN - rss672803262-brn-brown
2026-04-16T13:19:58.899Z - SUCCESS: RSS672803262-BLK - rss672803262-blk-black
2026-04-16T13:20:00.922Z - SUCCESS: RSS692903261-ROW636 - rss692903261-row636-
2026-04-16T13:20:01.962Z - SUCCESS: RSS682903261-ROW634 - rss682903261-row634-
2026-04-16T13:20:02.484Z - SUCCESS: RSS682903262-ROW635 - rss682903262-row635-
2026-04-16T13:20:02.589Z - SUCCESS: 320704261-NVY - 320704261-nvy-navy
2026-04-16T13:20:03.013Z - SUCCESS: 320704261-BLU - 320704261-blu-blue
2026-04-16T13:20:03.036Z - SUCCESS: RSS652803261-ROW620 - rss652803261-row620-
2026-04-16T13:20:04.727Z - SUCCESS: 320704261-BLK - 320704261-blk-black
2026-04-16T13:20:05.076Z - SUCCESS: 320704262-CIT - 320704262-cit-citrine
2026-04-16T13:20:06.098Z - SUCCESS: 320704262-NVY - 320704262-nvy-navy
2026-04-16T13:20:06.627Z - SUCCESS: 320704262-BLK - 320704262-blk-black
2026-04-16T13:20:07.162Z - SUCCESS: 320704262-CRM - 320704262-crm-cream
2026-04-16T13:20:07.175Z - SUCCESS: 320704262-DBR - 320704262-dbr-dark-brown
2026-04-16T13:20:08.661Z - SUCCESS: 320704263-CIT - 320704263-cit-citrine
2026-04-16T13:20:08.834Z - SUCCESS: 320704263-BRG - 320704263-brg-burgundy
2026-04-16T13:20:08.852Z - SUCCESS: RSS702903261-ROW637 - rss702903261-row637-
2026-04-16T13:20:08.863Z - SUCCESS: RSS702903263-ROW639 - rss702903263-row639-
2026-04-16T13:20:09.855Z - SUCCESS: 320704263-NVY - 320704263-nvy-navy
2026-04-16T13:20:09.870Z - SUCCESS: 320704263-BLK - 320704263-blk-black
2026-04-16T13:20:10.880Z - SUCCESS: RSS702903262-ROW638 - rss702903262-row638-
2026-04-16T13:20:11.248Z - SUCCESS: 320704264-BLU - 320704264-blu-blue
2026-04-16T13:20:12.101Z - SUCCESS: RSS702903264-ROW640 - rss702903264-row640-
2026-04-16T13:20:12.270Z - SUCCESS: 320704264-NVY - 320704264-nvy-navy
2026-04-16T13:20:12.281Z - SUCCESS: 320704265-BUR - 320704265-bur-burnt-orange
2026-04-16T13:20:12.289Z - SUCCESS: 320704265-NVY - 320704265-nvy-navy
2026-04-16T13:20:12.962Z - SUCCESS: 320704265-BLK - 320704265-blk-black
2026-04-16T13:20:13.591Z - SUCCESS: 320704266-BLK - 320704266-blk-black
2026-04-16T13:20:13.683Z - SUCCESS: 320704266-NVY - 320704266-nvy-navy
2026-04-16T13:20:13.712Z - SUCCESS: 320704265-TUR - 320704265-tur-turquoise
2026-04-16T13:20:14.827Z - SUCCESS: 320704266-CRM - 320704266-crm-cream
2026-04-16T13:20:15.421Z - SUCCESS: 320704267-DBR - 320704267-dbr-dark-brown
2026-04-16T13:20:15.426Z - SUCCESS: 320704266-GRY - 320704266-gry-gray
2026-04-16T13:20:15.431Z - SUCCESS: 320704267-NVY - 320704267-nvy-navy
2026-04-16T13:20:16.046Z - SUCCESS: 320704266-BUR - 320704266-bur-burnt-orange
2026-04-16T13:20:16.053Z - SUCCESS: 320704267-GRY - 320704267-gry-gray
2026-04-16T13:20:17.078Z - SUCCESS: 320704267-BLK - 320704267-blk-black
2026-04-16T13:20:17.436Z - SUCCESS: 320704268-NVY - 320704268-nvy-navy
2026-04-16T13:20:17.449Z - SUCCESS: 320704268-BLU - 320704268-blu-blue
2026-04-16T13:20:18.453Z - SUCCESS: 460704261-YLW - 460704261-ylw-yellow
2026-04-16T13:20:20.122Z - SUCCESS: 460704261-BLU - 460704261-blu-blue
2026-04-16T13:20:20.539Z - SUCCESS: 580704261-BLK - 580704261-blk-black
2026-04-16T13:20:20.969Z - SUCCESS: 580704264-BLK - 580704264-blk-black
2026-04-16T13:20:20.982Z - SUCCESS: 580704261-NVY - 580704261-nvy-navy
2026-04-16T13:20:21.176Z - SUCCESS: 580704262-NVY - 580704262-nvy-navy
2026-04-16T13:20:21.575Z - SUCCESS: 580704262-BLK - 580704262-blk-black
2026-04-16T13:20:21.584Z - SUCCESS: 580704263-WHT - 580704263-wht-white
2026-04-16T13:20:22.023Z - SUCCESS: 460704261-RED - 460704261-red-red
2026-04-16T13:20:22.032Z - SUCCESS: 580704263-BRG - 580704263-brg-burgundy
2026-04-16T13:20:22.597Z - SUCCESS: 580704265-PNK - 580704265-pnk-pink
2026-04-16T13:20:24.662Z - SUCCESS: 580704265-CRM - 580704265-crm-cream
2026-04-16T13:20:24.742Z - SUCCESS: 580704265-YLW - 580704265-ylw-yellow
2026-04-16T13:20:25.277Z - SUCCESS: 580704265-BRG - 580704265-brg-burgundy
2026-04-16T13:20:25.286Z - SUCCESS: 580704266-BLK - 580704266-blk-black
2026-04-16T13:20:25.741Z - SUCCESS: 580704266-NVY - 580704266-nvy-navy
2026-04-16T13:20:25.747Z - SUCCESS: 580704265-SKY - 580704265-sky-sky-blue
2026-04-16T13:20:25.767Z - SUCCESS: 580704265-BLK - 580704265-blk-black
2026-04-16T13:20:26.439Z - SUCCESS: 580704266-CIT - 580704266-cit-citrine
2026-04-16T13:20:26.564Z - SUCCESS: 580704266-DBR - 580704266-dbr-dark-brown
2026-04-16T13:20:26.701Z - SUCCESS: 580704266-BRG - 580704266-brg-burgundy
2026-04-16T13:20:30.128Z - SUCCESS: 580704267-OLI - 580704267-oli-olive-green
2026-04-16T13:20:31.186Z - SUCCESS: 580704268-DBR - 580704268-dbr-dark-brown
2026-04-16T13:20:31.197Z - SUCCESS: 580704267-MAU - 580704267-mau-mauve
2026-04-16T13:20:31.397Z - SUCCESS: 580704268-BLK - 580704268-blk-black
2026-04-16T13:20:31.407Z - SUCCESS: 580704267-NVY - 580704267-nvy-navy
2026-04-16T13:20:31.817Z - SUCCESS: 580704269-BLK - 580704269-blk-black
2026-04-16T13:20:31.831Z - SUCCESS: 580704268-BRG - 580704268-brg-burgundy
2026-04-16T13:20:31.836Z - SUCCESS: 580704269-DBR - 580704269-dbr-dark-brown
2026-04-16T13:20:31.841Z - SUCCESS: 580704267-BRG - 580704267-brg-burgundy
2026-04-16T13:20:32.189Z - SUCCESS: 580704268-NVY - 580704268-nvy-navy
2026-04-16T13:20:34.865Z - SUCCESS: 580704269-PRP - 580704269-prp-purple
2026-04-16T13:20:35.454Z - SUCCESS: 100704262-BLK - 100704262-blk-black
2026-04-16T13:20:35.464Z - SUCCESS: 100704262-ROS - 100704262-ros-rose
2026-04-16T13:20:35.888Z - SUCCESS: 580704269-LGR - 580704269-lgr-light-green
2026-04-16T13:20:35.900Z - SUCCESS: 100704261-SKY - 100704261-sky-sky-blue
2026-04-16T13:20:36.322Z - SUCCESS: 100704262-LGR - 100704262-lgr-light-green
2026-04-16T13:20:36.520Z - SUCCESS: 100704261-GRY - 100704261-gry-gray
2026-04-16T13:20:36.526Z - SUCCESS: 580704269-CRM - 580704269-crm-cream
2026-04-16T13:20:36.911Z - SUCCESS: 100704261-CRM - 100704261-crm-cream
2026-04-16T13:20:36.917Z - SUCCESS: 580704269-NVY - 580704269-nvy-navy
2026-04-16T13:20:38.362Z - SUCCESS: 100704262-NVY - 100704262-nvy-navy
2026-04-16T13:20:39.423Z - SUCCESS: 100704262-WHT - 100704262-wht-white
2026-04-16T13:20:39.439Z - SUCCESS: 100704263-BEI - 100704263-bei-beige
2026-04-16T13:20:39.446Z - SUCCESS: 100704263-WHT - 100704263-wht-white
2026-04-16T13:20:39.592Z - SUCCESS: 100704263-BLK - 100704263-blk-black
2026-04-16T13:20:39.979Z - SUCCESS: 100704263-BRG - 100704263-brg-burgundy
2026-04-16T13:20:39.991Z - SUCCESS: 100704263-DBR - 100704263-dbr-dark-brown
2026-04-16T13:20:40.623Z - SUCCESS: 100704263-OLI - 100704263-oli-olive-green
2026-04-16T13:20:41.033Z - SUCCESS: 100704264-PRP - 100704264-prp-purple
2026-04-16T13:20:41.043Z - SUCCESS: 100704264-BEI - 100704264-bei-beige
2026-04-16T13:20:41.639Z - SUCCESS: 100704264-WHT - 100704264-wht-white
2026-04-16T13:20:43.054Z - SUCCESS: 100704264-GRY - 100704264-gry-gray
2026-04-16T13:20:43.260Z - SUCCESS: 100704264-CRM - 100704264-crm-cream
2026-04-16T13:20:43.729Z - SUCCESS: 100704264-SKY - 100704264-sky-sky-blue
2026-04-16T13:20:43.737Z - SUCCESS: 100704264-LGR - 100704264-lgr-light-green
2026-04-16T13:20:43.742Z - SUCCESS: 100704265-DBR - 100704265-dbr-dark-brown
2026-04-16T13:20:43.749Z - SUCCESS: 100704265-BLK - 100704265-blk-black
2026-04-16T13:20:44.080Z - SUCCESS: 100704265-BRG - 100704265-brg-burgundy
2026-04-16T13:20:44.144Z - SUCCESS: 100704265-PNK - 100704265-pnk-pink
2026-04-16T13:20:44.753Z - SUCCESS: 100704265-TUR - 100704265-tur-turquoise
2026-04-16T13:20:44.764Z - SUCCESS: 100704265-BEI - 100704265-bei-beige
2026-04-16T13:20:46.127Z - SUCCESS: 100704265-WHT - 100704265-wht-white
2026-04-16T13:20:46.886Z - SUCCESS: 100704265-NVY - 100704265-nvy-navy
2026-04-16T13:20:47.154Z - SUCCESS: 100704266-WHT - 100704266-wht-white
2026-04-16T13:20:47.164Z - SUCCESS: 100704266-CRM - 100704266-crm-cream
2026-04-16T13:20:47.689Z - SUCCESS: 100704266-BLK - 100704266-blk-black
2026-04-16T13:20:47.701Z - SUCCESS: 100704266-BRN - 100704266-brn-brown
2026-04-16T13:20:47.861Z - SUCCESS: 100704266-DBR - 100704266-dbr-dark-brown
2026-04-16T13:20:48.204Z - SUCCESS: 100704267-CRM - 100704267-crm-cream
2026-04-16T13:20:48.217Z - SUCCESS: 100704267-WHT - 100704267-wht-white
2026-04-16T13:20:49.231Z - SUCCESS: 100704266-NVY - 100704266-nvy-navy
2026-04-16T13:20:49.717Z - SUCCESS: 100704267-BLK - 100704267-blk-black
2026-04-16T13:20:50.997Z - SUCCESS: 100704267-BEI - 100704267-bei-beige
2026-04-16T13:20:51.008Z - SUCCESS: 100704267-NVY - 100704267-nvy-navy
2026-04-16T13:20:51.015Z - SUCCESS: 100704267-LGR - 100704267-lgr-light-green
2026-04-16T13:20:51.883Z - SUCCESS: 130704261-BEI - 130704261-bei-beige
2026-04-16T13:20:52.371Z - SUCCESS: 130704261-NVY - 130704261-nvy-navy
2026-04-16T13:20:52.384Z - SUCCESS: 130704261-BLK - 130704261-blk-black
2026-04-16T13:20:52.395Z - SUCCESS: 130704261-PRP - 130704261-prp-purple
2026-04-16T13:20:52.409Z - SUCCESS: 100704267-DBR - 100704267-dbr-dark-brown
2026-04-16T13:20:53.384Z - SUCCESS: 130704261-BLU - 130704261-blu-blue
2026-04-16T13:20:53.395Z - SUCCESS: 130704261-GRN - 130704261-grn-green
2026-04-16T13:20:54.461Z - SUCCESS: 130704262-BEI - 130704262-bei-beige
2026-04-16T13:20:55.141Z - SUCCESS: 130704262-NVY - 130704262-nvy-navy
2026-04-16T13:20:55.146Z - SUCCESS: 130704261-BRN - 130704261-brn-brown
2026-04-16T13:20:55.483Z - SUCCESS: 130704262-BRN - 130704262-brn-brown
2026-04-16T13:20:55.489Z - SUCCESS: 130704262-GRN - 130704262-grn-green
2026-04-16T13:20:56.061Z - SUCCESS: 130704262-PRP - 130704262-prp-purple
2026-04-16T13:20:56.158Z - SUCCESS: 130704262-SKY - 130704262-sky-sky-blue
2026-04-16T13:20:56.166Z - SUCCESS: 130704262-BLK - 130704262-blk-black
2026-04-16T13:20:56.504Z - SUCCESS: 130704262-TUR - 130704262-tur-turquoise
2026-04-16T13:20:57.110Z - SUCCESS: 130704262-BRG - 130704262-brg-burgundy
2026-04-16T13:20:58.187Z - SUCCESS: 130704263-BLU - 130704263-blu-blue
2026-04-16T13:20:58.586Z - SUCCESS: 130704263-BLK - 130704263-blk-black
2026-04-16T13:20:58.599Z - SUCCESS: 130704263-DBR - 130704263-dbr-dark-brown
2026-04-16T13:20:59.307Z - SUCCESS: 130704263-BRG - 130704263-brg-burgundy
2026-04-16T13:20:59.620Z - SUCCESS: 130704263-NVY - 130704263-nvy-navy
2026-04-16T13:20:59.625Z - SUCCESS: 130704263-TUR - 130704263-tur-turquoise
2026-04-16T13:21:00.407Z - SUCCESS: 130704263-BEI - 130704263-bei-beige
2026-04-16T13:21:00.418Z - SUCCESS: 130704264-BEI - 130704264-bei-beige
2026-04-16T13:21:00.427Z - SUCCESS: 130704264-BRG - 130704264-brg-burgundy
2026-04-16T13:21:00.656Z - SUCCESS: 130704264-BLK - 130704264-blk-black
2026-04-16T13:21:01.679Z - SUCCESS: 130704264-BRN - 130704264-brn-brown
2026-04-16T13:21:02.429Z - SUCCESS: 130704264-GRN - 130704264-grn-green
2026-04-16T13:21:02.699Z - SUCCESS: 200904261-LGR - 200904261-lgr-light-green
2026-04-16T13:21:03.750Z - SUCCESS: 200904261-BRG - 200904261-brg-burgundy
2026-04-16T13:21:03.760Z - SUCCESS: 450904261-SKY - 450904261-sky-sky-blue
2026-04-16T13:21:04.465Z - SUCCESS: 450904261-CRM - 450904261-crm-cream
2026-04-16T13:21:04.769Z - SUCCESS: 860904261-NVY - 860904261-nvy-navy
2026-04-16T13:21:04.782Z - SUCCESS: 450904261-BLK - 450904261-blk-black
2026-04-16T13:21:04.798Z - SUCCESS: 450904261-LGR - 450904261-lgr-light-green
2026-04-16T13:21:04.806Z - SUCCESS: 450904261-DBR - 450904261-dbr-dark-brown
2026-04-16T13:21:05.819Z - SUCCESS: 860904261-PRP - 860904261-prp-purple
2026-04-16T13:21:06.624Z - SUCCESS: 450904262-BLK - 450904262-blk-black
2026-04-16T13:21:06.840Z - SUCCESS: 450904262-DBR - 450904262-dbr-dark-brown
2026-04-16T13:21:07.492Z - SUCCESS: 410904261-MAU - 410904261-mau-mauve
2026-04-16T13:21:07.569Z - SUCCESS: 450904262-BRG - 450904262-brg-burgundy
2026-04-16T13:21:07.884Z - SUCCESS: 450904262-NVY - 450904262-nvy-navy
2026-04-16T13:21:07.893Z - SUCCESS: 410904262-MAU - 410904262-mau-mauve
2026-04-16T13:21:07.903Z - SUCCESS: 410904262-LGR - 410904262-lgr-light-green
2026-04-16T13:21:07.908Z - SUCCESS: 410904261-BLK - 410904261-blk-black
2026-04-16T13:21:07.916Z - SUCCESS: 410904262-NVY - 410904262-nvy-navy
2026-04-16T13:21:09.881Z - SUCCESS: RSS160904261-GRN - rss160904261-grn-green
2026-04-16T13:21:10.625Z - SUCCESS: RSS160904262-BUR - rss160904262-bur-burnt-orange
2026-04-16T13:21:10.944Z - SUCCESS: RSS160904262-BEI - rss160904262-bei-beige
2026-04-16T13:21:11.670Z - SUCCESS: RSS160904261-BLK - rss160904261-blk-black
2026-04-16T13:21:11.684Z - SUCCESS: RSS160904262-GRY - rss160904262-gry-gray
2026-04-16T13:21:11.992Z - SUCCESS: RSS160904262-PNK - rss160904262-pnk-pink
2026-04-16T13:21:12.687Z - SUCCESS: RSS160904263-DBR - rss160904263-dbr-dark-brown
2026-04-16T13:21:12.696Z - SUCCESS: RSS160904263-NVY - rss160904263-nvy-navy
2026-04-16T13:21:13.039Z - SUCCESS: RSS160904262-ROS - rss160904262-ros-rose
2026-04-16T13:21:13.045Z - SUCCESS: RSS160904262-BRN - rss160904262-brn-brown
2026-04-16T13:21:14.162Z - SUCCESS: RSS160904263-BLK - rss160904263-blk-black
2026-04-16T13:21:14.790Z - SUCCESS: RSS040904261-BLU - rss040904261-blu-blue
2026-04-16T13:21:15.118Z - SUCCESS: RSS160904263-GRN - rss160904263-grn-green
2026-04-16T13:21:15.814Z - SUCCESS: 700904261-SLV - 700904261-slv-silver
2026-04-16T13:21:16.144Z - SUCCESS: RSS710904261-ROW806 - rss710904261-row806-
2026-04-16T13:21:16.156Z - SUCCESS: 700904261-BLK - 700904261-blk-black
2026-04-16T13:21:16.877Z - SUCCESS: RSS710904261-ROW807 - rss710904261-row807-
2026-04-16T13:21:17.200Z - SUCCESS: 700904261-BEI - 700904261-bei-beige
2026-04-16T13:21:17.220Z - SUCCESS: 700904261-BRG - 700904261-brg-burgundy
2026-04-16T13:21:18.440Z - SUCCESS: 700904262-SLV - 700904262-slv-silver
2026-04-16T13:21:18.956Z - SUCCESS: 700904262-BRG - 700904262-brg-burgundy
2026-04-16T13:21:18.963Z - SUCCESS: 700904262-BLK - 700904262-blk-black
2026-04-16T13:21:19.317Z - SUCCESS: 700904263-BLK - 700904263-blk-black
2026-04-16T13:21:20.406Z - SUCCESS: 700904262-BEI - 700904262-bei-beige
2026-04-16T13:21:20.414Z - SUCCESS: 700904262-SKY - 700904262-sky-sky-blue
2026-04-16T13:21:20.421Z - SUCCESS: 700904263-BRG - 700904263-brg-burgundy
2026-04-16T13:21:21.377Z - SUCCESS: 700904264-PRP - 700904264-prp-purple
2026-04-16T13:21:23.565Z - SUCCESS: 700904264-BLK - 700904264-blk-black
2026-04-16T13:21:23.576Z - SUCCESS: 700904264-NVY - 700904264-nvy-navy
2026-04-16T13:21:24.164Z - SUCCESS: 700904264-BEI - 700904264-bei-beige
2026-04-16T13:21:24.501Z - SUCCESS: 650904261-YLW - 650904261-ylw-yellow
2026-04-16T13:21:24.521Z - SUCCESS: 650904261-BLU - 650904261-blu-blue
2026-04-16T13:21:24.528Z - SUCCESS: 700904264-BRN - 700904264-brn-brown
2026-04-16T13:21:25.561Z - SUCCESS: RSS710904262-BEI - rss710904262-bei-beige
2026-04-16T13:21:25.954Z - SUCCESS: 650904261-ROS - 650904261-ros-rose
2026-04-16T13:21:25.997Z - SUCCESS: RSS710904262-ROS - rss710904262-ros-rose
2026-04-16T13:21:26.100Z - SUCCESS: 650904261-BLK - 650904261-blk-black
2026-04-16T13:21:28.206Z - SUCCESS: RSS710904263-PNK - rss710904263-pnk-pink
2026-04-16T13:21:28.214Z - SUCCESS: RSS710904262-LGR - rss710904262-lgr-light-green
2026-04-16T13:21:28.587Z - SUCCESS: RSS710904262-PRP - rss710904262-prp-purple
2026-04-16T13:21:29.257Z - SUCCESS: RSS710904263-NVY - rss710904263-nvy-navy
2026-04-16T13:21:29.661Z - SUCCESS: RSS710904264-DBR - rss710904264-dbr-dark-brown
2026-04-16T13:21:29.673Z - SUCCESS: RSS710904263-SKY - rss710904263-sky-sky-blue
2026-04-16T13:21:30.320Z - SUCCESS: RSS710904264-BEI - rss710904264-bei-beige
2026-04-16T13:21:30.326Z - SUCCESS: RSS710904264-OLI - rss710904264-oli-olive-green
2026-04-16T13:21:30.330Z - SUCCESS: RSS710904264-BRG - rss710904264-brg-burgundy
2026-04-16T13:21:30.335Z - SUCCESS: RSS710904264-BLK - rss710904264-blk-black
2026-04-16T13:21:32.393Z - SUCCESS: 160904261-CRM - 160904261-crm-cream
2026-04-16T13:21:32.403Z - SUCCESS: 160904261-YLW - 160904261-ylw-yellow
2026-04-16T13:21:32.843Z - SUCCESS: 160904262-OLI - 160904262-oli-olive-green
2026-04-16T13:21:32.852Z - SUCCESS: 160904262-CRM - 160904262-crm-cream
2026-04-16T13:21:32.858Z - SUCCESS: 160904261-PNK - 160904261-pnk-pink
2026-04-16T13:21:33.432Z - SUCCESS: 160904262-PRP - 160904262-prp-purple
2026-04-16T13:21:33.442Z - SUCCESS: 160904262-BLK - 160904262-blk-black
2026-04-16T13:21:33.887Z - SUCCESS: 160904261-SKY - 160904261-sky-sky-blue
2026-04-16T13:21:33.899Z - SUCCESS: 160904262-TUR - 160904262-tur-turquoise
2026-04-16T13:21:34.470Z - SUCCESS: 160904262-BRN - 160904262-brn-brown
2026-04-16T13:21:35.909Z - SUCCESS: 160904262-NVY - 160904262-nvy-navy
2026-04-16T13:21:36.934Z - SUCCESS: 160904264-NVY - 160904264-nvy-navy
2026-04-16T13:21:36.938Z - SUCCESS: 160904264-OLI - 160904264-oli-olive-green
2026-04-16T13:21:36.941Z - SUCCESS: 160904262-DBR - 160904262-dbr-dark-brown
2026-04-16T13:21:36.943Z - SUCCESS: 160904263-NVY - 160904263-nvy-navy
2026-04-16T13:21:36.945Z - SUCCESS: 160904264-CRM - 160904264-crm-cream
2026-04-16T13:21:36.961Z - SUCCESS: 160904263-GRY - 160904263-gry-gray
2026-04-16T13:21:37.785Z - SUCCESS: 160904264-DBR - 160904264-dbr-dark-brown
2026-04-16T13:21:37.959Z - SUCCESS: 160904263-CRM - 160904263-crm-cream
2026-04-16T13:21:37.960Z - SUCCESS: 160904263-BLK - 160904263-blk-black
2026-04-16T13:21:39.091Z - SUCCESS: 160904264-BRG - 160904264-brg-burgundy
